{
  error: Error: Cannot find module '../../shared/middleware/auth'
  Require stack:
  - C:\Users\pc\OneDrive\Desktop\NileCare\microservices\cds-service\src\index.ts
      at node:internal/modules/cjs/loader:1383:15
      at nextResolveSimple (C:\Users\pc\OneDrive\Desktop\NileCare\node_modules\tsx\dist\register-D46fvsV_.cjs:4:1004)
      at C:\Users\pc\OneDrive\Desktop\NileCare\node_modules\tsx\dist\register-D46fvsV_.cjs:3:2630
      at C:\Users\pc\OneDrive\Desktop\NileCare\node_modules\tsx\dist\register-D46fvsV_.cjs:3:1542
      at resolveTsPaths (C:\Users\pc\OneDrive\Desktop\NileCare\node_modules\tsx\dist\register-D46fvsV_.cjs:4:760)
      at C:\Users\pc\OneDrive\Desktop\NileCare\node_modules\tsx\dist\register-D46fvsV_.cjs:4:1102
      at m._resolveFilename (file:///C:/Users/pc/OneDrive/Desktop/NileCare/node_modules/tsx/dist/register-B7jrtLTO.mjs:1:789)
      at defaultResolveImpl (node:internal/modules/cjs/loader:1025:19)
      at resolveForCJSWithHooks (node:internal/modules/cjs/loader:1030:22)
      at Function._load (node:internal/modules/cjs/loader:1192:37) {
    code: 'MODULE_NOT_FOUND',
    requireStack: [
      'C:\\Users\\pc\\OneDrive\\Desktop\\NileCare\\microservices\\cds-service\\src\\index.ts'
    ]
  },
  level: 'error',
  message: "uncaughtException: Cannot find module '../../shared/middleware/auth'\n" +
    'Require stack:\n' +
    '- C:\\Users\\pc\\OneDrive\\Desktop\\NileCare\\microservices\\cds-service\\src\\index.ts\n' +
    "Error: Cannot find module '../../shared/middleware/auth'\n" +
    'Require stack:\n' +
    '- C:\\Users\\pc\\OneDrive\\Desktop\\NileCare\\microservices\\cds-service\\src\\index.ts\n' +
    '    at node:internal/modules/cjs/loader:1383:15\n' +
    '    at nextResolveSimple (C:\\Users\\pc\\OneDrive\\Desktop\\NileCare\\node_modules\\tsx\\dist\\register-D46fvsV_.cjs:4:1004)\n' +
    '    at C:\\Users\\pc\\OneDrive\\Desktop\\NileCare\\node_modules\\tsx\\dist\\register-D46fvsV_.cjs:3:2630\n' +
    '    at C:\\Users\\pc\\OneDrive\\Desktop\\NileCare\\node_modules\\tsx\\dist\\register-D46fvsV_.cjs:3:1542\n' +
    '    at resolveTsPaths (C:\\Users\\pc\\OneDrive\\Desktop\\NileCare\\node_modules\\tsx\\dist\\register-D46fvsV_.cjs:4:760)\n' +
    '    at C:\\Users\\pc\\OneDrive\\Desktop\\NileCare\\node_modules\\tsx\\dist\\register-D46fvsV_.cjs:4:1102\n' +
    '    at m._resolveFilename (file:///C:/Users/pc/OneDrive/Desktop/NileCare/node_modules/tsx/dist/register-B7jrtLTO.mjs:1:789)\n' +
    '    at defaultResolveImpl (node:internal/modules/cjs/loader:1025:19)\n' +
    '    at resolveForCJSWithHooks (node:internal/modules/cjs/loader:1030:22)\n' +
    '    at Function._load (node:internal/modules/cjs/loader:1192:37)',
  stack: "Error: Cannot find module '../../shared/middleware/auth'\n" +
    'Require stack:\n' +
    '- C:\\Users\\pc\\OneDrive\\Desktop\\NileCare\\microservices\\cds-service\\src\\index.ts\n' +
    '    at node:internal/modules/cjs/loader:1383:15\n' +
    '    at nextResolveSimple (C:\\Users\\pc\\OneDrive\\Desktop\\NileCare\\node_modules\\tsx\\dist\\register-D46fvsV_.cjs:4:1004)\n' +
    '    at C:\\Users\\pc\\OneDrive\\Desktop\\NileCare\\node_modules\\tsx\\dist\\register-D46fvsV_.cjs:3:2630\n' +
    '    at C:\\Users\\pc\\OneDrive\\Desktop\\NileCare\\node_modules\\tsx\\dist\\register-D46fvsV_.cjs:3:1542\n' +
    '    at resolveTsPaths (C:\\Users\\pc\\OneDrive\\Desktop\\NileCare\\node_modules\\tsx\\dist\\register-D46fvsV_.cjs:4:760)\n' +
    '    at C:\\Users\\pc\\OneDrive\\Desktop\\NileCare\\node_modules\\tsx\\dist\\register-D46fvsV_.cjs:4:1102\n' +
    '    at m._resolveFilename (file:///C:/Users/pc/OneDrive/Desktop/NileCare/node_modules/tsx/dist/register-B7jrtLTO.mjs:1:789)\n' +
    '    at defaultResolveImpl (node:internal/modules/cjs/loader:1025:19)\n' +
    '    at resolveForCJSWithHooks (node:internal/modules/cjs/loader:1030:22)\n' +
    '    at Function._load (node:internal/modules/cjs/loader:1192:37)',
  exception: true,
  date: 'Thu Oct 16 2025 11:33:55 GMT+0300 (East Africa Time)',
  process: {
    pid: 17920,
    uid: null,
    gid: null,
    cwd: 'C:\\Users\\pc\\OneDrive\\Desktop\\NileCare\\microservices\\cds-service',
    execPath: 'C:\\Program Files\\nodejs\\node.exe',
    version: 'v22.20.0',
    argv: [
      'C:\\Program Files\\nodejs\\node.exe',
      'C:\\Users\\pc\\OneDrive\\Desktop\\NileCare\\microservices\\cds-service\\src\\index.ts'
    ],
    memoryUsage: {
      rss: 114266112,
      heapTotal: 37068800,
      heapUsed: 21205544,
      external: 3294990,
      arrayBuffers: 250906
    }
  },
  os: { loadavg: [ 0, 0, 0 ], uptime: 13588.953 },
  trace: [
    {
      column: 15,
      file: 'node:internal/modules/cjs/loader',
      function: null,
      line: 1383,
      method: null,
      native: false
    },
    {
      column: 1004,
      file: 'C:\\Users\\pc\\OneDrive\\Desktop\\NileCare\\node_modules\\tsx\\dist\\register-D46fvsV_.cjs',
      function: 'nextResolveSimple',
      line: 4,
      method: null,
      native: false
    },
    {
      column: 2630,
      file: 'C:\\Users\\pc\\OneDrive\\Desktop\\NileCare\\node_modules\\tsx\\dist\\register-D46fvsV_.cjs',
      function: null,
      line: 3,
      method: null,
      native: false
    },
    {
      column: 1542,
      file: 'C:\\Users\\pc\\OneDrive\\Desktop\\NileCare\\node_modules\\tsx\\dist\\register-D46fvsV_.cjs',
      function: null,
      line: 3,
      method: null,
      native: false
    },
    {
      column: 760,
      file: 'C:\\Users\\pc\\OneDrive\\Desktop\\NileCare\\node_modules\\tsx\\dist\\register-D46fvsV_.cjs',
      function: 'resolveTsPaths',
      line: 4,
      method: null,
      native: false
    },
    {
      column: 1102,
      file: 'C:\\Users\\pc\\OneDrive\\Desktop\\NileCare\\node_modules\\tsx\\dist\\register-D46fvsV_.cjs',
      function: null,
      line: 4,
      method: null,
      native: false
    },
    {
      column: 789,
      file: 'file:///C:/Users/pc/OneDrive/Desktop/NileCare/node_modules/tsx/dist/register-B7jrtLTO.mjs',
      function: 'm._resolveFilename',
      line: 1,
      method: '_resolveFilename',
      native: false
    },
    {
      column: 19,
      file: 'node:internal/modules/cjs/loader',
      function: 'defaultResolveImpl',
      line: 1025,
      method: null,
      native: false
    },
    {
      column: 22,
      file: 'node:internal/modules/cjs/loader',
      function: 'resolveForCJSWithHooks',
      line: 1030,
      method: null,
      native: false
    },
    {
      column: 37,
      file: 'node:internal/modules/cjs/loader',
      function: 'Function._load',
      line: 1192,
      method: '_load',
      native: false
    }
  ],
  service: 'cds-service',
  version: '1.0.0',
  timestamp: '2025-10-16 11:33:55'
}
{
  error: Error: Cannot find module '../../shared/middleware/auth'
  Require stack:
  - C:\Users\pc\OneDrive\Desktop\NileCare\microservices\cds-service\src\index.ts
      at node:internal/modules/cjs/loader:1383:15
      at nextResolveSimple (C:\Users\pc\OneDrive\Desktop\NileCare\node_modules\tsx\dist\register-D46fvsV_.cjs:4:1004)
      at C:\Users\pc\OneDrive\Desktop\NileCare\node_modules\tsx\dist\register-D46fvsV_.cjs:3:2630
      at C:\Users\pc\OneDrive\Desktop\NileCare\node_modules\tsx\dist\register-D46fvsV_.cjs:3:1542
      at resolveTsPaths (C:\Users\pc\OneDrive\Desktop\NileCare\node_modules\tsx\dist\register-D46fvsV_.cjs:4:760)
      at C:\Users\pc\OneDrive\Desktop\NileCare\node_modules\tsx\dist\register-D46fvsV_.cjs:4:1102
      at m._resolveFilename (file:///C:/Users/pc/OneDrive/Desktop/NileCare/node_modules/tsx/dist/register-B7jrtLTO.mjs:1:789)
      at defaultResolveImpl (node:internal/modules/cjs/loader:1025:19)
      at resolveForCJSWithHooks (node:internal/modules/cjs/loader:1030:22)
      at Function._load (node:internal/modules/cjs/loader:1192:37) {
    code: 'MODULE_NOT_FOUND',
    requireStack: [
      'C:\\Users\\pc\\OneDrive\\Desktop\\NileCare\\microservices\\cds-service\\src\\index.ts'
    ]
  },
  level: 'error',
  message: "uncaughtException: Cannot find module '../../shared/middleware/auth'\n" +
    'Require stack:\n' +
    '- C:\\Users\\pc\\OneDrive\\Desktop\\NileCare\\microservices\\cds-service\\src\\index.ts\n' +
    "Error: Cannot find module '../../shared/middleware/auth'\n" +
    'Require stack:\n' +
    '- C:\\Users\\pc\\OneDrive\\Desktop\\NileCare\\microservices\\cds-service\\src\\index.ts\n' +
    '    at node:internal/modules/cjs/loader:1383:15\n' +
    '    at nextResolveSimple (C:\\Users\\pc\\OneDrive\\Desktop\\NileCare\\node_modules\\tsx\\dist\\register-D46fvsV_.cjs:4:1004)\n' +
    '    at C:\\Users\\pc\\OneDrive\\Desktop\\NileCare\\node_modules\\tsx\\dist\\register-D46fvsV_.cjs:3:2630\n' +
    '    at C:\\Users\\pc\\OneDrive\\Desktop\\NileCare\\node_modules\\tsx\\dist\\register-D46fvsV_.cjs:3:1542\n' +
    '    at resolveTsPaths (C:\\Users\\pc\\OneDrive\\Desktop\\NileCare\\node_modules\\tsx\\dist\\register-D46fvsV_.cjs:4:760)\n' +
    '    at C:\\Users\\pc\\OneDrive\\Desktop\\NileCare\\node_modules\\tsx\\dist\\register-D46fvsV_.cjs:4:1102\n' +
    '    at m._resolveFilename (file:///C:/Users/pc/OneDrive/Desktop/NileCare/node_modules/tsx/dist/register-B7jrtLTO.mjs:1:789)\n' +
    '    at defaultResolveImpl (node:internal/modules/cjs/loader:1025:19)\n' +
    '    at resolveForCJSWithHooks (node:internal/modules/cjs/loader:1030:22)\n' +
    '    at Function._load (node:internal/modules/cjs/loader:1192:37)',
  stack: "Error: Cannot find module '../../shared/middleware/auth'\n" +
    'Require stack:\n' +
    '- C:\\Users\\pc\\OneDrive\\Desktop\\NileCare\\microservices\\cds-service\\src\\index.ts\n' +
    '    at node:internal/modules/cjs/loader:1383:15\n' +
    '    at nextResolveSimple (C:\\Users\\pc\\OneDrive\\Desktop\\NileCare\\node_modules\\tsx\\dist\\register-D46fvsV_.cjs:4:1004)\n' +
    '    at C:\\Users\\pc\\OneDrive\\Desktop\\NileCare\\node_modules\\tsx\\dist\\register-D46fvsV_.cjs:3:2630\n' +
    '    at C:\\Users\\pc\\OneDrive\\Desktop\\NileCare\\node_modules\\tsx\\dist\\register-D46fvsV_.cjs:3:1542\n' +
    '    at resolveTsPaths (C:\\Users\\pc\\OneDrive\\Desktop\\NileCare\\node_modules\\tsx\\dist\\register-D46fvsV_.cjs:4:760)\n' +
    '    at C:\\Users\\pc\\OneDrive\\Desktop\\NileCare\\node_modules\\tsx\\dist\\register-D46fvsV_.cjs:4:1102\n' +
    '    at m._resolveFilename (file:///C:/Users/pc/OneDrive/Desktop/NileCare/node_modules/tsx/dist/register-B7jrtLTO.mjs:1:789)\n' +
    '    at defaultResolveImpl (node:internal/modules/cjs/loader:1025:19)\n' +
    '    at resolveForCJSWithHooks (node:internal/modules/cjs/loader:1030:22)\n' +
    '    at Function._load (node:internal/modules/cjs/loader:1192:37)',
  exception: true,
  date: 'Sat Oct 18 2025 18:24:16 GMT+0300 (East Africa Time)',
  process: {
    pid: 18000,
    uid: null,
    gid: null,
    cwd: 'C:\\Users\\pc\\OneDrive\\Desktop\\NileCare\\microservices\\cds-service',
    execPath: 'C:\\Program Files\\nodejs\\node.exe',
    version: 'v22.20.0',
    argv: [
      'C:\\Program Files\\nodejs\\node.exe',
      'C:\\Users\\pc\\OneDrive\\Desktop\\NileCare\\microservices\\cds-service\\src\\index.ts'
    ],
    memoryUsage: {
      rss: 85352448,
      heapTotal: 36282368,
      heapUsed: 21419528,
      external: 3226879,
      arrayBuffers: 199139
    }
  },
  os: { loadavg: [ 0, 0, 0 ], uptime: 174474.281 },
  trace: [
    {
      column: 15,
      file: 'node:internal/modules/cjs/loader',
      function: null,
      line: 1383,
      method: null,
      native: false
    },
    {
      column: 1004,
      file: 'C:\\Users\\pc\\OneDrive\\Desktop\\NileCare\\node_modules\\tsx\\dist\\register-D46fvsV_.cjs',
      function: 'nextResolveSimple',
      line: 4,
      method: null,
      native: false
    },
    {
      column: 2630,
      file: 'C:\\Users\\pc\\OneDrive\\Desktop\\NileCare\\node_modules\\tsx\\dist\\register-D46fvsV_.cjs',
      function: null,
      line: 3,
      method: null,
      native: false
    },
    {
      column: 1542,
      file: 'C:\\Users\\pc\\OneDrive\\Desktop\\NileCare\\node_modules\\tsx\\dist\\register-D46fvsV_.cjs',
      function: null,
      line: 3,
      method: null,
      native: false
    },
    {
      column: 760,
      file: 'C:\\Users\\pc\\OneDrive\\Desktop\\NileCare\\node_modules\\tsx\\dist\\register-D46fvsV_.cjs',
      function: 'resolveTsPaths',
      line: 4,
      method: null,
      native: false
    },
    {
      column: 1102,
      file: 'C:\\Users\\pc\\OneDrive\\Desktop\\NileCare\\node_modules\\tsx\\dist\\register-D46fvsV_.cjs',
      function: null,
      line: 4,
      method: null,
      native: false
    },
    {
      column: 789,
      file: 'file:///C:/Users/pc/OneDrive/Desktop/NileCare/node_modules/tsx/dist/register-B7jrtLTO.mjs',
      function: 'm._resolveFilename',
      line: 1,
      method: '_resolveFilename',
      native: false
    },
    {
      column: 19,
      file: 'node:internal/modules/cjs/loader',
      function: 'defaultResolveImpl',
      line: 1025,
      method: null,
      native: false
    },
    {
      column: 22,
      file: 'node:internal/modules/cjs/loader',
      function: 'resolveForCJSWithHooks',
      line: 1030,
      method: null,
      native: false
    },
    {
      column: 37,
      file: 'node:internal/modules/cjs/loader',
      function: 'Function._load',
      line: 1192,
      method: '_load',
      native: false
    }
  ],
  service: 'cds-service',
  version: '1.0.0',
  timestamp: '2025-10-18 18:24:16'
}
{
  error: Error: Cannot find module '../../shared/middleware/auth'
  Require stack:
  - C:\Users\pc\OneDrive\Desktop\NileCare\microservices\cds-service\src\index.ts
      at node:internal/modules/cjs/loader:1383:15
      at nextResolveSimple (C:\Users\pc\OneDrive\Desktop\NileCare\node_modules\tsx\dist\register-D46fvsV_.cjs:4:1004)
      at C:\Users\pc\OneDrive\Desktop\NileCare\node_modules\tsx\dist\register-D46fvsV_.cjs:3:2630
      at C:\Users\pc\OneDrive\Desktop\NileCare\node_modules\tsx\dist\register-D46fvsV_.cjs:3:1542
      at resolveTsPaths (C:\Users\pc\OneDrive\Desktop\NileCare\node_modules\tsx\dist\register-D46fvsV_.cjs:4:760)
      at C:\Users\pc\OneDrive\Desktop\NileCare\node_modules\tsx\dist\register-D46fvsV_.cjs:4:1102
      at m._resolveFilename (file:///C:/Users/pc/OneDrive/Desktop/NileCare/node_modules/tsx/dist/register-B7jrtLTO.mjs:1:789)
      at defaultResolveImpl (node:internal/modules/cjs/loader:1025:19)
      at resolveForCJSWithHooks (node:internal/modules/cjs/loader:1030:22)
      at Function._load (node:internal/modules/cjs/loader:1192:37) {
    code: 'MODULE_NOT_FOUND',
    requireStack: [
      'C:\\Users\\pc\\OneDrive\\Desktop\\NileCare\\microservices\\cds-service\\src\\index.ts'
    ]
  },
  level: 'error',
  message: "uncaughtException: Cannot find module '../../shared/middleware/auth'\n" +
    'Require stack:\n' +
    '- C:\\Users\\pc\\OneDrive\\Desktop\\NileCare\\microservices\\cds-service\\src\\index.ts\n' +
    "Error: Cannot find module '../../shared/middleware/auth'\n" +
    'Require stack:\n' +
    '- C:\\Users\\pc\\OneDrive\\Desktop\\NileCare\\microservices\\cds-service\\src\\index.ts\n' +
    '    at node:internal/modules/cjs/loader:1383:15\n' +
    '    at nextResolveSimple (C:\\Users\\pc\\OneDrive\\Desktop\\NileCare\\node_modules\\tsx\\dist\\register-D46fvsV_.cjs:4:1004)\n' +
    '    at C:\\Users\\pc\\OneDrive\\Desktop\\NileCare\\node_modules\\tsx\\dist\\register-D46fvsV_.cjs:3:2630\n' +
    '    at C:\\Users\\pc\\OneDrive\\Desktop\\NileCare\\node_modules\\tsx\\dist\\register-D46fvsV_.cjs:3:1542\n' +
    '    at resolveTsPaths (C:\\Users\\pc\\OneDrive\\Desktop\\NileCare\\node_modules\\tsx\\dist\\register-D46fvsV_.cjs:4:760)\n' +
    '    at C:\\Users\\pc\\OneDrive\\Desktop\\NileCare\\node_modules\\tsx\\dist\\register-D46fvsV_.cjs:4:1102\n' +
    '    at m._resolveFilename (file:///C:/Users/pc/OneDrive/Desktop/NileCare/node_modules/tsx/dist/register-B7jrtLTO.mjs:1:789)\n' +
    '    at defaultResolveImpl (node:internal/modules/cjs/loader:1025:19)\n' +
    '    at resolveForCJSWithHooks (node:internal/modules/cjs/loader:1030:22)\n' +
    '    at Function._load (node:internal/modules/cjs/loader:1192:37)',
  stack: "Error: Cannot find module '../../shared/middleware/auth'\n" +
    'Require stack:\n' +
    '- C:\\Users\\pc\\OneDrive\\Desktop\\NileCare\\microservices\\cds-service\\src\\index.ts\n' +
    '    at node:internal/modules/cjs/loader:1383:15\n' +
    '    at nextResolveSimple (C:\\Users\\pc\\OneDrive\\Desktop\\NileCare\\node_modules\\tsx\\dist\\register-D46fvsV_.cjs:4:1004)\n' +
    '    at C:\\Users\\pc\\OneDrive\\Desktop\\NileCare\\node_modules\\tsx\\dist\\register-D46fvsV_.cjs:3:2630\n' +
    '    at C:\\Users\\pc\\OneDrive\\Desktop\\NileCare\\node_modules\\tsx\\dist\\register-D46fvsV_.cjs:3:1542\n' +
    '    at resolveTsPaths (C:\\Users\\pc\\OneDrive\\Desktop\\NileCare\\node_modules\\tsx\\dist\\register-D46fvsV_.cjs:4:760)\n' +
    '    at C:\\Users\\pc\\OneDrive\\Desktop\\NileCare\\node_modules\\tsx\\dist\\register-D46fvsV_.cjs:4:1102\n' +
    '    at m._resolveFilename (file:///C:/Users/pc/OneDrive/Desktop/NileCare/node_modules/tsx/dist/register-B7jrtLTO.mjs:1:789)\n' +
    '    at defaultResolveImpl (node:internal/modules/cjs/loader:1025:19)\n' +
    '    at resolveForCJSWithHooks (node:internal/modules/cjs/loader:1030:22)\n' +
    '    at Function._load (node:internal/modules/cjs/loader:1192:37)',
  exception: true,
  date: 'Sat Oct 18 2025 18:30:11 GMT+0300 (East Africa Time)',
  process: {
    pid: 16480,
    uid: null,
    gid: null,
    cwd: 'C:\\Users\\pc\\OneDrive\\Desktop\\NileCare\\microservices\\cds-service',
    execPath: 'C:\\Program Files\\nodejs\\node.exe',
    version: 'v22.20.0',
    argv: [
      'C:\\Program Files\\nodejs\\node.exe',
      'C:\\Users\\pc\\OneDrive\\Desktop\\NileCare\\microservices\\cds-service\\src\\index.ts'
    ],
    memoryUsage: {
      rss: 85327872,
      heapTotal: 36282368,
      heapUsed: 21450240,
      external: 3226879,
      arrayBuffers: 199139
    }
  },
  os: { loadavg: [ 0, 0, 0 ], uptime: 174829.625 },
  trace: [
    {
      column: 15,
      file: 'node:internal/modules/cjs/loader',
      function: null,
      line: 1383,
      method: null,
      native: false
    },
    {
      column: 1004,
      file: 'C:\\Users\\pc\\OneDrive\\Desktop\\NileCare\\node_modules\\tsx\\dist\\register-D46fvsV_.cjs',
      function: 'nextResolveSimple',
      line: 4,
      method: null,
      native: false
    },
    {
      column: 2630,
      file: 'C:\\Users\\pc\\OneDrive\\Desktop\\NileCare\\node_modules\\tsx\\dist\\register-D46fvsV_.cjs',
      function: null,
      line: 3,
      method: null,
      native: false
    },
    {
      column: 1542,
      file: 'C:\\Users\\pc\\OneDrive\\Desktop\\NileCare\\node_modules\\tsx\\dist\\register-D46fvsV_.cjs',
      function: null,
      line: 3,
      method: null,
      native: false
    },
    {
      column: 760,
      file: 'C:\\Users\\pc\\OneDrive\\Desktop\\NileCare\\node_modules\\tsx\\dist\\register-D46fvsV_.cjs',
      function: 'resolveTsPaths',
      line: 4,
      method: null,
      native: false
    },
    {
      column: 1102,
      file: 'C:\\Users\\pc\\OneDrive\\Desktop\\NileCare\\node_modules\\tsx\\dist\\register-D46fvsV_.cjs',
      function: null,
      line: 4,
      method: null,
      native: false
    },
    {
      column: 789,
      file: 'file:///C:/Users/pc/OneDrive/Desktop/NileCare/node_modules/tsx/dist/register-B7jrtLTO.mjs',
      function: 'm._resolveFilename',
      line: 1,
      method: '_resolveFilename',
      native: false
    },
    {
      column: 19,
      file: 'node:internal/modules/cjs/loader',
      function: 'defaultResolveImpl',
      line: 1025,
      method: null,
      native: false
    },
    {
      column: 22,
      file: 'node:internal/modules/cjs/loader',
      function: 'resolveForCJSWithHooks',
      line: 1030,
      method: null,
      native: false
    },
    {
      column: 37,
      file: 'node:internal/modules/cjs/loader',
      function: 'Function._load',
      line: 1192,
      method: '_load',
      native: false
    }
  ],
  service: 'cds-service',
  version: '1.0.0',
  timestamp: '2025-10-18 18:30:11'
}
{
  error: Error: Cannot find module '../../shared/middleware/auth'
  Require stack:
  - C:\Users\pc\OneDrive\Desktop\NileCare\microservices\cds-service\src\index.ts
      at node:internal/modules/cjs/loader:1383:15
      at nextResolveSimple (C:\Users\pc\OneDrive\Desktop\NileCare\node_modules\tsx\dist\register-D46fvsV_.cjs:4:1004)
      at C:\Users\pc\OneDrive\Desktop\NileCare\node_modules\tsx\dist\register-D46fvsV_.cjs:3:2630
      at C:\Users\pc\OneDrive\Desktop\NileCare\node_modules\tsx\dist\register-D46fvsV_.cjs:3:1542
      at resolveTsPaths (C:\Users\pc\OneDrive\Desktop\NileCare\node_modules\tsx\dist\register-D46fvsV_.cjs:4:760)
      at C:\Users\pc\OneDrive\Desktop\NileCare\node_modules\tsx\dist\register-D46fvsV_.cjs:4:1102
      at m._resolveFilename (file:///C:/Users/pc/OneDrive/Desktop/NileCare/node_modules/tsx/dist/register-B7jrtLTO.mjs:1:789)
      at defaultResolveImpl (node:internal/modules/cjs/loader:1025:19)
      at resolveForCJSWithHooks (node:internal/modules/cjs/loader:1030:22)
      at Function._load (node:internal/modules/cjs/loader:1192:37) {
    code: 'MODULE_NOT_FOUND',
    requireStack: [
      'C:\\Users\\pc\\OneDrive\\Desktop\\NileCare\\microservices\\cds-service\\src\\index.ts'
    ]
  },
  level: 'error',
  message: "uncaughtException: Cannot find module '../../shared/middleware/auth'\n" +
    'Require stack:\n' +
    '- C:\\Users\\pc\\OneDrive\\Desktop\\NileCare\\microservices\\cds-service\\src\\index.ts\n' +
    "Error: Cannot find module '../../shared/middleware/auth'\n" +
    'Require stack:\n' +
    '- C:\\Users\\pc\\OneDrive\\Desktop\\NileCare\\microservices\\cds-service\\src\\index.ts\n' +
    '    at node:internal/modules/cjs/loader:1383:15\n' +
    '    at nextResolveSimple (C:\\Users\\pc\\OneDrive\\Desktop\\NileCare\\node_modules\\tsx\\dist\\register-D46fvsV_.cjs:4:1004)\n' +
    '    at C:\\Users\\pc\\OneDrive\\Desktop\\NileCare\\node_modules\\tsx\\dist\\register-D46fvsV_.cjs:3:2630\n' +
    '    at C:\\Users\\pc\\OneDrive\\Desktop\\NileCare\\node_modules\\tsx\\dist\\register-D46fvsV_.cjs:3:1542\n' +
    '    at resolveTsPaths (C:\\Users\\pc\\OneDrive\\Desktop\\NileCare\\node_modules\\tsx\\dist\\register-D46fvsV_.cjs:4:760)\n' +
    '    at C:\\Users\\pc\\OneDrive\\Desktop\\NileCare\\node_modules\\tsx\\dist\\register-D46fvsV_.cjs:4:1102\n' +
    '    at m._resolveFilename (file:///C:/Users/pc/OneDrive/Desktop/NileCare/node_modules/tsx/dist/register-B7jrtLTO.mjs:1:789)\n' +
    '    at defaultResolveImpl (node:internal/modules/cjs/loader:1025:19)\n' +
    '    at resolveForCJSWithHooks (node:internal/modules/cjs/loader:1030:22)\n' +
    '    at Function._load (node:internal/modules/cjs/loader:1192:37)',
  stack: "Error: Cannot find module '../../shared/middleware/auth'\n" +
    'Require stack:\n' +
    '- C:\\Users\\pc\\OneDrive\\Desktop\\NileCare\\microservices\\cds-service\\src\\index.ts\n' +
    '    at node:internal/modules/cjs/loader:1383:15\n' +
    '    at nextResolveSimple (C:\\Users\\pc\\OneDrive\\Desktop\\NileCare\\node_modules\\tsx\\dist\\register-D46fvsV_.cjs:4:1004)\n' +
    '    at C:\\Users\\pc\\OneDrive\\Desktop\\NileCare\\node_modules\\tsx\\dist\\register-D46fvsV_.cjs:3:2630\n' +
    '    at C:\\Users\\pc\\OneDrive\\Desktop\\NileCare\\node_modules\\tsx\\dist\\register-D46fvsV_.cjs:3:1542\n' +
    '    at resolveTsPaths (C:\\Users\\pc\\OneDrive\\Desktop\\NileCare\\node_modules\\tsx\\dist\\register-D46fvsV_.cjs:4:760)\n' +
    '    at C:\\Users\\pc\\OneDrive\\Desktop\\NileCare\\node_modules\\tsx\\dist\\register-D46fvsV_.cjs:4:1102\n' +
    '    at m._resolveFilename (file:///C:/Users/pc/OneDrive/Desktop/NileCare/node_modules/tsx/dist/register-B7jrtLTO.mjs:1:789)\n' +
    '    at defaultResolveImpl (node:internal/modules/cjs/loader:1025:19)\n' +
    '    at resolveForCJSWithHooks (node:internal/modules/cjs/loader:1030:22)\n' +
    '    at Function._load (node:internal/modules/cjs/loader:1192:37)',
  exception: true,
  date: 'Sat Oct 18 2025 19:25:35 GMT+0300 (East Africa Time)',
  process: {
    pid: 17260,
    uid: null,
    gid: null,
    cwd: 'C:\\Users\\pc\\OneDrive\\Desktop\\NileCare\\microservices\\cds-service',
    execPath: 'C:\\Program Files\\nodejs\\node.exe',
    version: 'v22.20.0',
    argv: [
      'C:\\Program Files\\nodejs\\node.exe',
      'C:\\Users\\pc\\OneDrive\\Desktop\\NileCare\\microservices\\cds-service\\src\\index.ts'
    ],
    memoryUsage: {
      rss: 85245952,
      heapTotal: 36282368,
      heapUsed: 21385128,
      external: 3226879,
      arrayBuffers: 199139
    }
  },
  os: { loadavg: [ 0, 0, 0 ], uptime: 3123.765 },
  trace: [
    {
      column: 15,
      file: 'node:internal/modules/cjs/loader',
      function: null,
      line: 1383,
      method: null,
      native: false
    },
    {
      column: 1004,
      file: 'C:\\Users\\pc\\OneDrive\\Desktop\\NileCare\\node_modules\\tsx\\dist\\register-D46fvsV_.cjs',
      function: 'nextResolveSimple',
      line: 4,
      method: null,
      native: false
    },
    {
      column: 2630,
      file: 'C:\\Users\\pc\\OneDrive\\Desktop\\NileCare\\node_modules\\tsx\\dist\\register-D46fvsV_.cjs',
      function: null,
      line: 3,
      method: null,
      native: false
    },
    {
      column: 1542,
      file: 'C:\\Users\\pc\\OneDrive\\Desktop\\NileCare\\node_modules\\tsx\\dist\\register-D46fvsV_.cjs',
      function: null,
      line: 3,
      method: null,
      native: false
    },
    {
      column: 760,
      file: 'C:\\Users\\pc\\OneDrive\\Desktop\\NileCare\\node_modules\\tsx\\dist\\register-D46fvsV_.cjs',
      function: 'resolveTsPaths',
      line: 4,
      method: null,
      native: false
    },
    {
      column: 1102,
      file: 'C:\\Users\\pc\\OneDrive\\Desktop\\NileCare\\node_modules\\tsx\\dist\\register-D46fvsV_.cjs',
      function: null,
      line: 4,
      method: null,
      native: false
    },
    {
      column: 789,
      file: 'file:///C:/Users/pc/OneDrive/Desktop/NileCare/node_modules/tsx/dist/register-B7jrtLTO.mjs',
      function: 'm._resolveFilename',
      line: 1,
      method: '_resolveFilename',
      native: false
    },
    {
      column: 19,
      file: 'node:internal/modules/cjs/loader',
      function: 'defaultResolveImpl',
      line: 1025,
      method: null,
      native: false
    },
    {
      column: 22,
      file: 'node:internal/modules/cjs/loader',
      function: 'resolveForCJSWithHooks',
      line: 1030,
      method: null,
      native: false
    },
    {
      column: 37,
      file: 'node:internal/modules/cjs/loader',
      function: 'Function._load',
      line: 1192,
      method: '_load',
      native: false
    }
  ],
  service: 'cds-service',
  version: '1.0.0',
  timestamp: '2025-10-18 19:25:35'
}
